<?xml version="1.0" encoding="UTF-8"?>
<!-- Generated by org.testng.reporters.JUnitReportReporter -->
<testsuite hostname="Divya" failures="0" tests="1" name="HandlingWindowAuth" time="2.393" errors="0" timestamp="2022-12-25T23:28:20 CST" skipped="0">
  <testcase classname="HandlingWindowAuth" name="windowAuth" time="2.393"/>
  <system-out/>
</testsuite> <!-- HandlingWindowAuth -->
